DUMP  in file: src/main.cpp:14
	 ptr_stk  == 0x7ffedf0d2ae0             
	 ptr_data == 0x5e1ecc7a42b0             
	 size     == 0            
	 capacity == 1            
	 len type of element == 4

	 elements of stack:


DUMP  in file: src/main.cpp:21
	 ptr_stk  == 0x7ffedf0d2ae0             
	 ptr_data == 0x5e1ecc7a52e0             
	 size     == 66            
	 capacity == 128            
	 len type of element == 4

	 elements of stack:
	 	 [0] == 1
	 	 [1] == 2
	 	 [2] == 3
	 	 [3] == 4
	 	 [4] == 5
	 	 [5] == 6
	 	 [6] == 7
	 	 [7] == 8
	 	 [8] == 9
	 	 [9] == 10
	 	 [10] == 11
	 	 [11] == 12
	 	 [12] == 13
	 	 [13] == 14
	 	 [14] == 15
	 	 [15] == 16
	 	 [16] == 17
	 	 [17] == 18
	 	 [18] == 19
	 	 [19] == 20
	 	 [20] == 21
	 	 [21] == 22
	 	 [22] == 23
	 	 [23] == 24
	 	 [24] == 25
	 	 [25] == 26
	 	 [26] == 27
	 	 [27] == 28
	 	 [28] == 29
	 	 [29] == 30
	 	 [30] == 31
	 	 [31] == 32
	 	 [32] == 33
	 	 [33] == 34
	 	 [34] == 35
	 	 [35] == 36
	 	 [36] == 37
	 	 [37] == 38
	 	 [38] == 39
	 	 [39] == 40
	 	 [40] == 41
	 	 [41] == 42
	 	 [42] == 43
	 	 [43] == 44
	 	 [44] == 45
	 	 [45] == 46
	 	 [46] == 47
	 	 [47] == 48
	 	 [48] == 49
	 	 [49] == 50
	 	 [50] == 51
	 	 [51] == 52
	 	 [52] == 53
	 	 [53] == 54
	 	 [54] == 55
	 	 [55] == 56
	 	 [56] == 57
	 	 [57] == 58
	 	 [58] == 59
	 	 [59] == 60
	 	 [60] == 61
	 	 [61] == 62
	 	 [62] == 63
	 	 [63] == 64
	 	 [64] == 65
	 	 [65] == 66


DUMP  in file: src/main.cpp:29
	 ptr_stk  == 0x7ffedf0d2ae0             
	 ptr_data == 0x5e1ecc7a52e0             
	 size     == 65            
	 capacity == 128            
	 len type of element == 4

	 elements of stack:
	 	 [0] == 1
	 	 [1] == 2
	 	 [2] == 3
	 	 [3] == 4
	 	 [4] == 5
	 	 [5] == 6
	 	 [6] == 7
	 	 [7] == 8
	 	 [8] == 9
	 	 [9] == 10
	 	 [10] == 11
	 	 [11] == 12
	 	 [12] == 13
	 	 [13] == 14
	 	 [14] == 15
	 	 [15] == 16
	 	 [16] == 17
	 	 [17] == 18
	 	 [18] == 19
	 	 [19] == 20
	 	 [20] == 21
	 	 [21] == 22
	 	 [22] == 23
	 	 [23] == 24
	 	 [24] == 25
	 	 [25] == 26
	 	 [26] == 27
	 	 [27] == 28
	 	 [28] == 29
	 	 [29] == 30
	 	 [30] == 31
	 	 [31] == 32
	 	 [32] == 33
	 	 [33] == 34
	 	 [34] == 35
	 	 [35] == 36
	 	 [36] == 37
	 	 [37] == 38
	 	 [38] == 39
	 	 [39] == 40
	 	 [40] == 41
	 	 [41] == 42
	 	 [42] == 43
	 	 [43] == 44
	 	 [44] == 45
	 	 [45] == 46
	 	 [46] == 47
	 	 [47] == 48
	 	 [48] == 49
	 	 [49] == 50
	 	 [50] == 51
	 	 [51] == 52
	 	 [52] == 53
	 	 [53] == 54
	 	 [54] == 55
	 	 [55] == 56
	 	 [56] == 57
	 	 [57] == 58
	 	 [58] == 59
	 	 [59] == 60
	 	 [60] == 61
	 	 [61] == 62
	 	 [62] == 63
	 	 [63] == 64
	 	 [64] == 65


DUMP  in file: src/main.cpp:29
	 ptr_stk  == 0x7ffedf0d2ae0             
	 ptr_data == 0x5e1ecc7a52e0             
	 size     == 64            
	 capacity == 128            
	 len type of element == 4

	 elements of stack:
	 	 [0] == 1
	 	 [1] == 2
	 	 [2] == 3
	 	 [3] == 4
	 	 [4] == 5
	 	 [5] == 6
	 	 [6] == 7
	 	 [7] == 8
	 	 [8] == 9
	 	 [9] == 10
	 	 [10] == 11
	 	 [11] == 12
	 	 [12] == 13
	 	 [13] == 14
	 	 [14] == 15
	 	 [15] == 16
	 	 [16] == 17
	 	 [17] == 18
	 	 [18] == 19
	 	 [19] == 20
	 	 [20] == 21
	 	 [21] == 22
	 	 [22] == 23
	 	 [23] == 24
	 	 [24] == 25
	 	 [25] == 26
	 	 [26] == 27
	 	 [27] == 28
	 	 [28] == 29
	 	 [29] == 30
	 	 [30] == 31
	 	 [31] == 32
	 	 [32] == 33
	 	 [33] == 34
	 	 [34] == 35
	 	 [35] == 36
	 	 [36] == 37
	 	 [37] == 38
	 	 [38] == 39
	 	 [39] == 40
	 	 [40] == 41
	 	 [41] == 42
	 	 [42] == 43
	 	 [43] == 44
	 	 [44] == 45
	 	 [45] == 46
	 	 [46] == 47
	 	 [47] == 48
	 	 [48] == 49
	 	 [49] == 50
	 	 [50] == 51
	 	 [51] == 52
	 	 [52] == 53
	 	 [53] == 54
	 	 [54] == 55
	 	 [55] == 56
	 	 [56] == 57
	 	 [57] == 58
	 	 [58] == 59
	 	 [59] == 60
	 	 [60] == 61
	 	 [61] == 62
	 	 [62] == 63
	 	 [63] == 64


DUMP  in file: src/main.cpp:29
	 ptr_stk  == 0x7ffedf0d2ae0             
	 ptr_data == 0x5e1ecc7a52e0             
	 size     == 63            
	 capacity == 128            
	 len type of element == 4

	 elements of stack:
	 	 [0] == 1
	 	 [1] == 2
	 	 [2] == 3
	 	 [3] == 4
	 	 [4] == 5
	 	 [5] == 6
	 	 [6] == 7
	 	 [7] == 8
	 	 [8] == 9
	 	 [9] == 10
	 	 [10] == 11
	 	 [11] == 12
	 	 [12] == 13
	 	 [13] == 14
	 	 [14] == 15
	 	 [15] == 16
	 	 [16] == 17
	 	 [17] == 18
	 	 [18] == 19
	 	 [19] == 20
	 	 [20] == 21
	 	 [21] == 22
	 	 [22] == 23
	 	 [23] == 24
	 	 [24] == 25
	 	 [25] == 26
	 	 [26] == 27
	 	 [27] == 28
	 	 [28] == 29
	 	 [29] == 30
	 	 [30] == 31
	 	 [31] == 32
	 	 [32] == 33
	 	 [33] == 34
	 	 [34] == 35
	 	 [35] == 36
	 	 [36] == 37
	 	 [37] == 38
	 	 [38] == 39
	 	 [39] == 40
	 	 [40] == 41
	 	 [41] == 42
	 	 [42] == 43
	 	 [43] == 44
	 	 [44] == 45
	 	 [45] == 46
	 	 [46] == 47
	 	 [47] == 48
	 	 [48] == 49
	 	 [49] == 50
	 	 [50] == 51
	 	 [51] == 52
	 	 [52] == 53
	 	 [53] == 54
	 	 [54] == 55
	 	 [55] == 56
	 	 [56] == 57
	 	 [57] == 58
	 	 [58] == 59
	 	 [59] == 60
	 	 [60] == 61
	 	 [61] == 62
	 	 [62] == 63


DUMP  in file: src/main.cpp:29
	 ptr_stk  == 0x7ffedf0d2ae0             
	 ptr_data == 0x5e1ecc7a52e0             
	 size     == 62            
	 capacity == 128            
	 len type of element == 4

	 elements of stack:
	 	 [0] == 1
	 	 [1] == 2
	 	 [2] == 3
	 	 [3] == 4
	 	 [4] == 5
	 	 [5] == 6
	 	 [6] == 7
	 	 [7] == 8
	 	 [8] == 9
	 	 [9] == 10
	 	 [10] == 11
	 	 [11] == 12
	 	 [12] == 13
	 	 [13] == 14
	 	 [14] == 15
	 	 [15] == 16
	 	 [16] == 17
	 	 [17] == 18
	 	 [18] == 19
	 	 [19] == 20
	 	 [20] == 21
	 	 [21] == 22
	 	 [22] == 23
	 	 [23] == 24
	 	 [24] == 25
	 	 [25] == 26
	 	 [26] == 27
	 	 [27] == 28
	 	 [28] == 29
	 	 [29] == 30
	 	 [30] == 31
	 	 [31] == 32
	 	 [32] == 33
	 	 [33] == 34
	 	 [34] == 35
	 	 [35] == 36
	 	 [36] == 37
	 	 [37] == 38
	 	 [38] == 39
	 	 [39] == 40
	 	 [40] == 41
	 	 [41] == 42
	 	 [42] == 43
	 	 [43] == 44
	 	 [44] == 45
	 	 [45] == 46
	 	 [46] == 47
	 	 [47] == 48
	 	 [48] == 49
	 	 [49] == 50
	 	 [50] == 51
	 	 [51] == 52
	 	 [52] == 53
	 	 [53] == 54
	 	 [54] == 55
	 	 [55] == 56
	 	 [56] == 57
	 	 [57] == 58
	 	 [58] == 59
	 	 [59] == 60
	 	 [60] == 61
	 	 [61] == 62


DUMP  in file: src/main.cpp:29
	 ptr_stk  == 0x7ffedf0d2ae0             
	 ptr_data == 0x5e1ecc7a52e0             
	 size     == 61            
	 capacity == 128            
	 len type of element == 4

	 elements of stack:
	 	 [0] == 1
	 	 [1] == 2
	 	 [2] == 3
	 	 [3] == 4
	 	 [4] == 5
	 	 [5] == 6
	 	 [6] == 7
	 	 [7] == 8
	 	 [8] == 9
	 	 [9] == 10
	 	 [10] == 11
	 	 [11] == 12
	 	 [12] == 13
	 	 [13] == 14
	 	 [14] == 15
	 	 [15] == 16
	 	 [16] == 17
	 	 [17] == 18
	 	 [18] == 19
	 	 [19] == 20
	 	 [20] == 21
	 	 [21] == 22
	 	 [22] == 23
	 	 [23] == 24
	 	 [24] == 25
	 	 [25] == 26
	 	 [26] == 27
	 	 [27] == 28
	 	 [28] == 29
	 	 [29] == 30
	 	 [30] == 31
	 	 [31] == 32
	 	 [32] == 33
	 	 [33] == 34
	 	 [34] == 35
	 	 [35] == 36
	 	 [36] == 37
	 	 [37] == 38
	 	 [38] == 39
	 	 [39] == 40
	 	 [40] == 41
	 	 [41] == 42
	 	 [42] == 43
	 	 [43] == 44
	 	 [44] == 45
	 	 [45] == 46
	 	 [46] == 47
	 	 [47] == 48
	 	 [48] == 49
	 	 [49] == 50
	 	 [50] == 51
	 	 [51] == 52
	 	 [52] == 53
	 	 [53] == 54
	 	 [54] == 55
	 	 [55] == 56
	 	 [56] == 57
	 	 [57] == 58
	 	 [58] == 59
	 	 [59] == 60
	 	 [60] == 61


DUMP  in file: src/main.cpp:29
	 ptr_stk  == 0x7ffedf0d2ae0             
	 ptr_data == 0x5e1ecc7a52e0             
	 size     == 60            
	 capacity == 128            
	 len type of element == 4

	 elements of stack:
	 	 [0] == 1
	 	 [1] == 2
	 	 [2] == 3
	 	 [3] == 4
	 	 [4] == 5
	 	 [5] == 6
	 	 [6] == 7
	 	 [7] == 8
	 	 [8] == 9
	 	 [9] == 10
	 	 [10] == 11
	 	 [11] == 12
	 	 [12] == 13
	 	 [13] == 14
	 	 [14] == 15
	 	 [15] == 16
	 	 [16] == 17
	 	 [17] == 18
	 	 [18] == 19
	 	 [19] == 20
	 	 [20] == 21
	 	 [21] == 22
	 	 [22] == 23
	 	 [23] == 24
	 	 [24] == 25
	 	 [25] == 26
	 	 [26] == 27
	 	 [27] == 28
	 	 [28] == 29
	 	 [29] == 30
	 	 [30] == 31
	 	 [31] == 32
	 	 [32] == 33
	 	 [33] == 34
	 	 [34] == 35
	 	 [35] == 36
	 	 [36] == 37
	 	 [37] == 38
	 	 [38] == 39
	 	 [39] == 40
	 	 [40] == 41
	 	 [41] == 42
	 	 [42] == 43
	 	 [43] == 44
	 	 [44] == 45
	 	 [45] == 46
	 	 [46] == 47
	 	 [47] == 48
	 	 [48] == 49
	 	 [49] == 50
	 	 [50] == 51
	 	 [51] == 52
	 	 [52] == 53
	 	 [53] == 54
	 	 [54] == 55
	 	 [55] == 56
	 	 [56] == 57
	 	 [57] == 58
	 	 [58] == 59
	 	 [59] == 60


DUMP  in file: src/main.cpp:29
	 ptr_stk  == 0x7ffedf0d2ae0             
	 ptr_data == 0x5e1ecc7a52e0             
	 size     == 59            
	 capacity == 128            
	 len type of element == 4

	 elements of stack:
	 	 [0] == 1
	 	 [1] == 2
	 	 [2] == 3
	 	 [3] == 4
	 	 [4] == 5
	 	 [5] == 6
	 	 [6] == 7
	 	 [7] == 8
	 	 [8] == 9
	 	 [9] == 10
	 	 [10] == 11
	 	 [11] == 12
	 	 [12] == 13
	 	 [13] == 14
	 	 [14] == 15
	 	 [15] == 16
	 	 [16] == 17
	 	 [17] == 18
	 	 [18] == 19
	 	 [19] == 20
	 	 [20] == 21
	 	 [21] == 22
	 	 [22] == 23
	 	 [23] == 24
	 	 [24] == 25
	 	 [25] == 26
	 	 [26] == 27
	 	 [27] == 28
	 	 [28] == 29
	 	 [29] == 30
	 	 [30] == 31
	 	 [31] == 32
	 	 [32] == 33
	 	 [33] == 34
	 	 [34] == 35
	 	 [35] == 36
	 	 [36] == 37
	 	 [37] == 38
	 	 [38] == 39
	 	 [39] == 40
	 	 [40] == 41
	 	 [41] == 42
	 	 [42] == 43
	 	 [43] == 44
	 	 [44] == 45
	 	 [45] == 46
	 	 [46] == 47
	 	 [47] == 48
	 	 [48] == 49
	 	 [49] == 50
	 	 [50] == 51
	 	 [51] == 52
	 	 [52] == 53
	 	 [53] == 54
	 	 [54] == 55
	 	 [55] == 56
	 	 [56] == 57
	 	 [57] == 58
	 	 [58] == 59


DUMP  in file: src/main.cpp:29
	 ptr_stk  == 0x7ffedf0d2ae0             
	 ptr_data == 0x5e1ecc7a52e0             
	 size     == 58            
	 capacity == 128            
	 len type of element == 4

	 elements of stack:
	 	 [0] == 1
	 	 [1] == 2
	 	 [2] == 3
	 	 [3] == 4
	 	 [4] == 5
	 	 [5] == 6
	 	 [6] == 7
	 	 [7] == 8
	 	 [8] == 9
	 	 [9] == 10
	 	 [10] == 11
	 	 [11] == 12
	 	 [12] == 13
	 	 [13] == 14
	 	 [14] == 15
	 	 [15] == 16
	 	 [16] == 17
	 	 [17] == 18
	 	 [18] == 19
	 	 [19] == 20
	 	 [20] == 21
	 	 [21] == 22
	 	 [22] == 23
	 	 [23] == 24
	 	 [24] == 25
	 	 [25] == 26
	 	 [26] == 27
	 	 [27] == 28
	 	 [28] == 29
	 	 [29] == 30
	 	 [30] == 31
	 	 [31] == 32
	 	 [32] == 33
	 	 [33] == 34
	 	 [34] == 35
	 	 [35] == 36
	 	 [36] == 37
	 	 [37] == 38
	 	 [38] == 39
	 	 [39] == 40
	 	 [40] == 41
	 	 [41] == 42
	 	 [42] == 43
	 	 [43] == 44
	 	 [44] == 45
	 	 [45] == 46
	 	 [46] == 47
	 	 [47] == 48
	 	 [48] == 49
	 	 [49] == 50
	 	 [50] == 51
	 	 [51] == 52
	 	 [52] == 53
	 	 [53] == 54
	 	 [54] == 55
	 	 [55] == 56
	 	 [56] == 57
	 	 [57] == 58


DUMP  in file: src/main.cpp:29
	 ptr_stk  == 0x7ffedf0d2ae0             
	 ptr_data == 0x5e1ecc7a52e0             
	 size     == 57            
	 capacity == 128            
	 len type of element == 4

	 elements of stack:
	 	 [0] == 1
	 	 [1] == 2
	 	 [2] == 3
	 	 [3] == 4
	 	 [4] == 5
	 	 [5] == 6
	 	 [6] == 7
	 	 [7] == 8
	 	 [8] == 9
	 	 [9] == 10
	 	 [10] == 11
	 	 [11] == 12
	 	 [12] == 13
	 	 [13] == 14
	 	 [14] == 15
	 	 [15] == 16
	 	 [16] == 17
	 	 [17] == 18
	 	 [18] == 19
	 	 [19] == 20
	 	 [20] == 21
	 	 [21] == 22
	 	 [22] == 23
	 	 [23] == 24
	 	 [24] == 25
	 	 [25] == 26
	 	 [26] == 27
	 	 [27] == 28
	 	 [28] == 29
	 	 [29] == 30
	 	 [30] == 31
	 	 [31] == 32
	 	 [32] == 33
	 	 [33] == 34
	 	 [34] == 35
	 	 [35] == 36
	 	 [36] == 37
	 	 [37] == 38
	 	 [38] == 39
	 	 [39] == 40
	 	 [40] == 41
	 	 [41] == 42
	 	 [42] == 43
	 	 [43] == 44
	 	 [44] == 45
	 	 [45] == 46
	 	 [46] == 47
	 	 [47] == 48
	 	 [48] == 49
	 	 [49] == 50
	 	 [50] == 51
	 	 [51] == 52
	 	 [52] == 53
	 	 [53] == 54
	 	 [54] == 55
	 	 [55] == 56
	 	 [56] == 57


DUMP  in file: src/main.cpp:29
	 ptr_stk  == 0x7ffedf0d2ae0             
	 ptr_data == 0x5e1ecc7a52e0             
	 size     == 56            
	 capacity == 128            
	 len type of element == 4

	 elements of stack:
	 	 [0] == 1
	 	 [1] == 2
	 	 [2] == 3
	 	 [3] == 4
	 	 [4] == 5
	 	 [5] == 6
	 	 [6] == 7
	 	 [7] == 8
	 	 [8] == 9
	 	 [9] == 10
	 	 [10] == 11
	 	 [11] == 12
	 	 [12] == 13
	 	 [13] == 14
	 	 [14] == 15
	 	 [15] == 16
	 	 [16] == 17
	 	 [17] == 18
	 	 [18] == 19
	 	 [19] == 20
	 	 [20] == 21
	 	 [21] == 22
	 	 [22] == 23
	 	 [23] == 24
	 	 [24] == 25
	 	 [25] == 26
	 	 [26] == 27
	 	 [27] == 28
	 	 [28] == 29
	 	 [29] == 30
	 	 [30] == 31
	 	 [31] == 32
	 	 [32] == 33
	 	 [33] == 34
	 	 [34] == 35
	 	 [35] == 36
	 	 [36] == 37
	 	 [37] == 38
	 	 [38] == 39
	 	 [39] == 40
	 	 [40] == 41
	 	 [41] == 42
	 	 [42] == 43
	 	 [43] == 44
	 	 [44] == 45
	 	 [45] == 46
	 	 [46] == 47
	 	 [47] == 48
	 	 [48] == 49
	 	 [49] == 50
	 	 [50] == 51
	 	 [51] == 52
	 	 [52] == 53
	 	 [53] == 54
	 	 [54] == 55
	 	 [55] == 56


DUMP  in file: src/main.cpp:29
	 ptr_stk  == 0x7ffedf0d2ae0             
	 ptr_data == 0x5e1ecc7a52e0             
	 size     == 55            
	 capacity == 128            
	 len type of element == 4

	 elements of stack:
	 	 [0] == 1
	 	 [1] == 2
	 	 [2] == 3
	 	 [3] == 4
	 	 [4] == 5
	 	 [5] == 6
	 	 [6] == 7
	 	 [7] == 8
	 	 [8] == 9
	 	 [9] == 10
	 	 [10] == 11
	 	 [11] == 12
	 	 [12] == 13
	 	 [13] == 14
	 	 [14] == 15
	 	 [15] == 16
	 	 [16] == 17
	 	 [17] == 18
	 	 [18] == 19
	 	 [19] == 20
	 	 [20] == 21
	 	 [21] == 22
	 	 [22] == 23
	 	 [23] == 24
	 	 [24] == 25
	 	 [25] == 26
	 	 [26] == 27
	 	 [27] == 28
	 	 [28] == 29
	 	 [29] == 30
	 	 [30] == 31
	 	 [31] == 32
	 	 [32] == 33
	 	 [33] == 34
	 	 [34] == 35
	 	 [35] == 36
	 	 [36] == 37
	 	 [37] == 38
	 	 [38] == 39
	 	 [39] == 40
	 	 [40] == 41
	 	 [41] == 42
	 	 [42] == 43
	 	 [43] == 44
	 	 [44] == 45
	 	 [45] == 46
	 	 [46] == 47
	 	 [47] == 48
	 	 [48] == 49
	 	 [49] == 50
	 	 [50] == 51
	 	 [51] == 52
	 	 [52] == 53
	 	 [53] == 54
	 	 [54] == 55


DUMP  in file: src/main.cpp:29
	 ptr_stk  == 0x7ffedf0d2ae0             
	 ptr_data == 0x5e1ecc7a52e0             
	 size     == 54            
	 capacity == 128            
	 len type of element == 4

	 elements of stack:
	 	 [0] == 1
	 	 [1] == 2
	 	 [2] == 3
	 	 [3] == 4
	 	 [4] == 5
	 	 [5] == 6
	 	 [6] == 7
	 	 [7] == 8
	 	 [8] == 9
	 	 [9] == 10
	 	 [10] == 11
	 	 [11] == 12
	 	 [12] == 13
	 	 [13] == 14
	 	 [14] == 15
	 	 [15] == 16
	 	 [16] == 17
	 	 [17] == 18
	 	 [18] == 19
	 	 [19] == 20
	 	 [20] == 21
	 	 [21] == 22
	 	 [22] == 23
	 	 [23] == 24
	 	 [24] == 25
	 	 [25] == 26
	 	 [26] == 27
	 	 [27] == 28
	 	 [28] == 29
	 	 [29] == 30
	 	 [30] == 31
	 	 [31] == 32
	 	 [32] == 33
	 	 [33] == 34
	 	 [34] == 35
	 	 [35] == 36
	 	 [36] == 37
	 	 [37] == 38
	 	 [38] == 39
	 	 [39] == 40
	 	 [40] == 41
	 	 [41] == 42
	 	 [42] == 43
	 	 [43] == 44
	 	 [44] == 45
	 	 [45] == 46
	 	 [46] == 47
	 	 [47] == 48
	 	 [48] == 49
	 	 [49] == 50
	 	 [50] == 51
	 	 [51] == 52
	 	 [52] == 53
	 	 [53] == 54


DUMP  in file: src/main.cpp:29
	 ptr_stk  == 0x7ffedf0d2ae0             
	 ptr_data == 0x5e1ecc7a52e0             
	 size     == 53            
	 capacity == 128            
	 len type of element == 4

	 elements of stack:
	 	 [0] == 1
	 	 [1] == 2
	 	 [2] == 3
	 	 [3] == 4
	 	 [4] == 5
	 	 [5] == 6
	 	 [6] == 7
	 	 [7] == 8
	 	 [8] == 9
	 	 [9] == 10
	 	 [10] == 11
	 	 [11] == 12
	 	 [12] == 13
	 	 [13] == 14
	 	 [14] == 15
	 	 [15] == 16
	 	 [16] == 17
	 	 [17] == 18
	 	 [18] == 19
	 	 [19] == 20
	 	 [20] == 21
	 	 [21] == 22
	 	 [22] == 23
	 	 [23] == 24
	 	 [24] == 25
	 	 [25] == 26
	 	 [26] == 27
	 	 [27] == 28
	 	 [28] == 29
	 	 [29] == 30
	 	 [30] == 31
	 	 [31] == 32
	 	 [32] == 33
	 	 [33] == 34
	 	 [34] == 35
	 	 [35] == 36
	 	 [36] == 37
	 	 [37] == 38
	 	 [38] == 39
	 	 [39] == 40
	 	 [40] == 41
	 	 [41] == 42
	 	 [42] == 43
	 	 [43] == 44
	 	 [44] == 45
	 	 [45] == 46
	 	 [46] == 47
	 	 [47] == 48
	 	 [48] == 49
	 	 [49] == 50
	 	 [50] == 51
	 	 [51] == 52
	 	 [52] == 53


DUMP  in file: src/main.cpp:29
	 ptr_stk  == 0x7ffedf0d2ae0             
	 ptr_data == 0x5e1ecc7a52e0             
	 size     == 52            
	 capacity == 128            
	 len type of element == 4

	 elements of stack:
	 	 [0] == 1
	 	 [1] == 2
	 	 [2] == 3
	 	 [3] == 4
	 	 [4] == 5
	 	 [5] == 6
	 	 [6] == 7
	 	 [7] == 8
	 	 [8] == 9
	 	 [9] == 10
	 	 [10] == 11
	 	 [11] == 12
	 	 [12] == 13
	 	 [13] == 14
	 	 [14] == 15
	 	 [15] == 16
	 	 [16] == 17
	 	 [17] == 18
	 	 [18] == 19
	 	 [19] == 20
	 	 [20] == 21
	 	 [21] == 22
	 	 [22] == 23
	 	 [23] == 24
	 	 [24] == 25
	 	 [25] == 26
	 	 [26] == 27
	 	 [27] == 28
	 	 [28] == 29
	 	 [29] == 30
	 	 [30] == 31
	 	 [31] == 32
	 	 [32] == 33
	 	 [33] == 34
	 	 [34] == 35
	 	 [35] == 36
	 	 [36] == 37
	 	 [37] == 38
	 	 [38] == 39
	 	 [39] == 40
	 	 [40] == 41
	 	 [41] == 42
	 	 [42] == 43
	 	 [43] == 44
	 	 [44] == 45
	 	 [45] == 46
	 	 [46] == 47
	 	 [47] == 48
	 	 [48] == 49
	 	 [49] == 50
	 	 [50] == 51
	 	 [51] == 52


DUMP  in file: src/main.cpp:29
	 ptr_stk  == 0x7ffedf0d2ae0             
	 ptr_data == 0x5e1ecc7a52e0             
	 size     == 51            
	 capacity == 128            
	 len type of element == 4

	 elements of stack:
	 	 [0] == 1
	 	 [1] == 2
	 	 [2] == 3
	 	 [3] == 4
	 	 [4] == 5
	 	 [5] == 6
	 	 [6] == 7
	 	 [7] == 8
	 	 [8] == 9
	 	 [9] == 10
	 	 [10] == 11
	 	 [11] == 12
	 	 [12] == 13
	 	 [13] == 14
	 	 [14] == 15
	 	 [15] == 16
	 	 [16] == 17
	 	 [17] == 18
	 	 [18] == 19
	 	 [19] == 20
	 	 [20] == 21
	 	 [21] == 22
	 	 [22] == 23
	 	 [23] == 24
	 	 [24] == 25
	 	 [25] == 26
	 	 [26] == 27
	 	 [27] == 28
	 	 [28] == 29
	 	 [29] == 30
	 	 [30] == 31
	 	 [31] == 32
	 	 [32] == 33
	 	 [33] == 34
	 	 [34] == 35
	 	 [35] == 36
	 	 [36] == 37
	 	 [37] == 38
	 	 [38] == 39
	 	 [39] == 40
	 	 [40] == 41
	 	 [41] == 42
	 	 [42] == 43
	 	 [43] == 44
	 	 [44] == 45
	 	 [45] == 46
	 	 [46] == 47
	 	 [47] == 48
	 	 [48] == 49
	 	 [49] == 50
	 	 [50] == 51


DUMP  in file: src/main.cpp:29
	 ptr_stk  == 0x7ffedf0d2ae0             
	 ptr_data == 0x5e1ecc7a52e0             
	 size     == 50            
	 capacity == 128            
	 len type of element == 4

	 elements of stack:
	 	 [0] == 1
	 	 [1] == 2
	 	 [2] == 3
	 	 [3] == 4
	 	 [4] == 5
	 	 [5] == 6
	 	 [6] == 7
	 	 [7] == 8
	 	 [8] == 9
	 	 [9] == 10
	 	 [10] == 11
	 	 [11] == 12
	 	 [12] == 13
	 	 [13] == 14
	 	 [14] == 15
	 	 [15] == 16
	 	 [16] == 17
	 	 [17] == 18
	 	 [18] == 19
	 	 [19] == 20
	 	 [20] == 21
	 	 [21] == 22
	 	 [22] == 23
	 	 [23] == 24
	 	 [24] == 25
	 	 [25] == 26
	 	 [26] == 27
	 	 [27] == 28
	 	 [28] == 29
	 	 [29] == 30
	 	 [30] == 31
	 	 [31] == 32
	 	 [32] == 33
	 	 [33] == 34
	 	 [34] == 35
	 	 [35] == 36
	 	 [36] == 37
	 	 [37] == 38
	 	 [38] == 39
	 	 [39] == 40
	 	 [40] == 41
	 	 [41] == 42
	 	 [42] == 43
	 	 [43] == 44
	 	 [44] == 45
	 	 [45] == 46
	 	 [46] == 47
	 	 [47] == 48
	 	 [48] == 49
	 	 [49] == 50


DUMP  in file: src/main.cpp:29
	 ptr_stk  == 0x7ffedf0d2ae0             
	 ptr_data == 0x5e1ecc7a52e0             
	 size     == 49            
	 capacity == 128            
	 len type of element == 4

	 elements of stack:
	 	 [0] == 1
	 	 [1] == 2
	 	 [2] == 3
	 	 [3] == 4
	 	 [4] == 5
	 	 [5] == 6
	 	 [6] == 7
	 	 [7] == 8
	 	 [8] == 9
	 	 [9] == 10
	 	 [10] == 11
	 	 [11] == 12
	 	 [12] == 13
	 	 [13] == 14
	 	 [14] == 15
	 	 [15] == 16
	 	 [16] == 17
	 	 [17] == 18
	 	 [18] == 19
	 	 [19] == 20
	 	 [20] == 21
	 	 [21] == 22
	 	 [22] == 23
	 	 [23] == 24
	 	 [24] == 25
	 	 [25] == 26
	 	 [26] == 27
	 	 [27] == 28
	 	 [28] == 29
	 	 [29] == 30
	 	 [30] == 31
	 	 [31] == 32
	 	 [32] == 33
	 	 [33] == 34
	 	 [34] == 35
	 	 [35] == 36
	 	 [36] == 37
	 	 [37] == 38
	 	 [38] == 39
	 	 [39] == 40
	 	 [40] == 41
	 	 [41] == 42
	 	 [42] == 43
	 	 [43] == 44
	 	 [44] == 45
	 	 [45] == 46
	 	 [46] == 47
	 	 [47] == 48
	 	 [48] == 49


DUMP  in file: src/main.cpp:29
	 ptr_stk  == 0x7ffedf0d2ae0             
	 ptr_data == 0x5e1ecc7a52e0             
	 size     == 48            
	 capacity == 128            
	 len type of element == 4

	 elements of stack:
	 	 [0] == 1
	 	 [1] == 2
	 	 [2] == 3
	 	 [3] == 4
	 	 [4] == 5
	 	 [5] == 6
	 	 [6] == 7
	 	 [7] == 8
	 	 [8] == 9
	 	 [9] == 10
	 	 [10] == 11
	 	 [11] == 12
	 	 [12] == 13
	 	 [13] == 14
	 	 [14] == 15
	 	 [15] == 16
	 	 [16] == 17
	 	 [17] == 18
	 	 [18] == 19
	 	 [19] == 20
	 	 [20] == 21
	 	 [21] == 22
	 	 [22] == 23
	 	 [23] == 24
	 	 [24] == 25
	 	 [25] == 26
	 	 [26] == 27
	 	 [27] == 28
	 	 [28] == 29
	 	 [29] == 30
	 	 [30] == 31
	 	 [31] == 32
	 	 [32] == 33
	 	 [33] == 34
	 	 [34] == 35
	 	 [35] == 36
	 	 [36] == 37
	 	 [37] == 38
	 	 [38] == 39
	 	 [39] == 40
	 	 [40] == 41
	 	 [41] == 42
	 	 [42] == 43
	 	 [43] == 44
	 	 [44] == 45
	 	 [45] == 46
	 	 [46] == 47
	 	 [47] == 48


DUMP  in file: src/main.cpp:29
	 ptr_stk  == 0x7ffedf0d2ae0             
	 ptr_data == 0x5e1ecc7a52e0             
	 size     == 47            
	 capacity == 128            
	 len type of element == 4

	 elements of stack:
	 	 [0] == 1
	 	 [1] == 2
	 	 [2] == 3
	 	 [3] == 4
	 	 [4] == 5
	 	 [5] == 6
	 	 [6] == 7
	 	 [7] == 8
	 	 [8] == 9
	 	 [9] == 10
	 	 [10] == 11
	 	 [11] == 12
	 	 [12] == 13
	 	 [13] == 14
	 	 [14] == 15
	 	 [15] == 16
	 	 [16] == 17
	 	 [17] == 18
	 	 [18] == 19
	 	 [19] == 20
	 	 [20] == 21
	 	 [21] == 22
	 	 [22] == 23
	 	 [23] == 24
	 	 [24] == 25
	 	 [25] == 26
	 	 [26] == 27
	 	 [27] == 28
	 	 [28] == 29
	 	 [29] == 30
	 	 [30] == 31
	 	 [31] == 32
	 	 [32] == 33
	 	 [33] == 34
	 	 [34] == 35
	 	 [35] == 36
	 	 [36] == 37
	 	 [37] == 38
	 	 [38] == 39
	 	 [39] == 40
	 	 [40] == 41
	 	 [41] == 42
	 	 [42] == 43
	 	 [43] == 44
	 	 [44] == 45
	 	 [45] == 46
	 	 [46] == 47


DUMP  in file: src/main.cpp:29
	 ptr_stk  == 0x7ffedf0d2ae0             
	 ptr_data == 0x5e1ecc7a52e0             
	 size     == 46            
	 capacity == 128            
	 len type of element == 4

	 elements of stack:
	 	 [0] == 1
	 	 [1] == 2
	 	 [2] == 3
	 	 [3] == 4
	 	 [4] == 5
	 	 [5] == 6
	 	 [6] == 7
	 	 [7] == 8
	 	 [8] == 9
	 	 [9] == 10
	 	 [10] == 11
	 	 [11] == 12
	 	 [12] == 13
	 	 [13] == 14
	 	 [14] == 15
	 	 [15] == 16
	 	 [16] == 17
	 	 [17] == 18
	 	 [18] == 19
	 	 [19] == 20
	 	 [20] == 21
	 	 [21] == 22
	 	 [22] == 23
	 	 [23] == 24
	 	 [24] == 25
	 	 [25] == 26
	 	 [26] == 27
	 	 [27] == 28
	 	 [28] == 29
	 	 [29] == 30
	 	 [30] == 31
	 	 [31] == 32
	 	 [32] == 33
	 	 [33] == 34
	 	 [34] == 35
	 	 [35] == 36
	 	 [36] == 37
	 	 [37] == 38
	 	 [38] == 39
	 	 [39] == 40
	 	 [40] == 41
	 	 [41] == 42
	 	 [42] == 43
	 	 [43] == 44
	 	 [44] == 45
	 	 [45] == 46


DUMP  in file: src/main.cpp:29
	 ptr_stk  == 0x7ffedf0d2ae0             
	 ptr_data == 0x5e1ecc7a52e0             
	 size     == 45            
	 capacity == 128            
	 len type of element == 4

	 elements of stack:
	 	 [0] == 1
	 	 [1] == 2
	 	 [2] == 3
	 	 [3] == 4
	 	 [4] == 5
	 	 [5] == 6
	 	 [6] == 7
	 	 [7] == 8
	 	 [8] == 9
	 	 [9] == 10
	 	 [10] == 11
	 	 [11] == 12
	 	 [12] == 13
	 	 [13] == 14
	 	 [14] == 15
	 	 [15] == 16
	 	 [16] == 17
	 	 [17] == 18
	 	 [18] == 19
	 	 [19] == 20
	 	 [20] == 21
	 	 [21] == 22
	 	 [22] == 23
	 	 [23] == 24
	 	 [24] == 25
	 	 [25] == 26
	 	 [26] == 27
	 	 [27] == 28
	 	 [28] == 29
	 	 [29] == 30
	 	 [30] == 31
	 	 [31] == 32
	 	 [32] == 33
	 	 [33] == 34
	 	 [34] == 35
	 	 [35] == 36
	 	 [36] == 37
	 	 [37] == 38
	 	 [38] == 39
	 	 [39] == 40
	 	 [40] == 41
	 	 [41] == 42
	 	 [42] == 43
	 	 [43] == 44
	 	 [44] == 45


DUMP  in file: src/main.cpp:29
	 ptr_stk  == 0x7ffedf0d2ae0             
	 ptr_data == 0x5e1ecc7a52e0             
	 size     == 44            
	 capacity == 128            
	 len type of element == 4

	 elements of stack:
	 	 [0] == 1
	 	 [1] == 2
	 	 [2] == 3
	 	 [3] == 4
	 	 [4] == 5
	 	 [5] == 6
	 	 [6] == 7
	 	 [7] == 8
	 	 [8] == 9
	 	 [9] == 10
	 	 [10] == 11
	 	 [11] == 12
	 	 [12] == 13
	 	 [13] == 14
	 	 [14] == 15
	 	 [15] == 16
	 	 [16] == 17
	 	 [17] == 18
	 	 [18] == 19
	 	 [19] == 20
	 	 [20] == 21
	 	 [21] == 22
	 	 [22] == 23
	 	 [23] == 24
	 	 [24] == 25
	 	 [25] == 26
	 	 [26] == 27
	 	 [27] == 28
	 	 [28] == 29
	 	 [29] == 30
	 	 [30] == 31
	 	 [31] == 32
	 	 [32] == 33
	 	 [33] == 34
	 	 [34] == 35
	 	 [35] == 36
	 	 [36] == 37
	 	 [37] == 38
	 	 [38] == 39
	 	 [39] == 40
	 	 [40] == 41
	 	 [41] == 42
	 	 [42] == 43
	 	 [43] == 44


DUMP  in file: src/main.cpp:29
	 ptr_stk  == 0x7ffedf0d2ae0             
	 ptr_data == 0x5e1ecc7a52e0             
	 size     == 43            
	 capacity == 128            
	 len type of element == 4

	 elements of stack:
	 	 [0] == 1
	 	 [1] == 2
	 	 [2] == 3
	 	 [3] == 4
	 	 [4] == 5
	 	 [5] == 6
	 	 [6] == 7
	 	 [7] == 8
	 	 [8] == 9
	 	 [9] == 10
	 	 [10] == 11
	 	 [11] == 12
	 	 [12] == 13
	 	 [13] == 14
	 	 [14] == 15
	 	 [15] == 16
	 	 [16] == 17
	 	 [17] == 18
	 	 [18] == 19
	 	 [19] == 20
	 	 [20] == 21
	 	 [21] == 22
	 	 [22] == 23
	 	 [23] == 24
	 	 [24] == 25
	 	 [25] == 26
	 	 [26] == 27
	 	 [27] == 28
	 	 [28] == 29
	 	 [29] == 30
	 	 [30] == 31
	 	 [31] == 32
	 	 [32] == 33
	 	 [33] == 34
	 	 [34] == 35
	 	 [35] == 36
	 	 [36] == 37
	 	 [37] == 38
	 	 [38] == 39
	 	 [39] == 40
	 	 [40] == 41
	 	 [41] == 42
	 	 [42] == 43


DUMP  in file: src/main.cpp:29
	 ptr_stk  == 0x7ffedf0d2ae0             
	 ptr_data == 0x5e1ecc7a52e0             
	 size     == 42            
	 capacity == 128            
	 len type of element == 4

	 elements of stack:
	 	 [0] == 1
	 	 [1] == 2
	 	 [2] == 3
	 	 [3] == 4
	 	 [4] == 5
	 	 [5] == 6
	 	 [6] == 7
	 	 [7] == 8
	 	 [8] == 9
	 	 [9] == 10
	 	 [10] == 11
	 	 [11] == 12
	 	 [12] == 13
	 	 [13] == 14
	 	 [14] == 15
	 	 [15] == 16
	 	 [16] == 17
	 	 [17] == 18
	 	 [18] == 19
	 	 [19] == 20
	 	 [20] == 21
	 	 [21] == 22
	 	 [22] == 23
	 	 [23] == 24
	 	 [24] == 25
	 	 [25] == 26
	 	 [26] == 27
	 	 [27] == 28
	 	 [28] == 29
	 	 [29] == 30
	 	 [30] == 31
	 	 [31] == 32
	 	 [32] == 33
	 	 [33] == 34
	 	 [34] == 35
	 	 [35] == 36
	 	 [36] == 37
	 	 [37] == 38
	 	 [38] == 39
	 	 [39] == 40
	 	 [40] == 41
	 	 [41] == 42


DUMP  in file: src/main.cpp:29
	 ptr_stk  == 0x7ffedf0d2ae0             
	 ptr_data == 0x5e1ecc7a52e0             
	 size     == 41            
	 capacity == 128            
	 len type of element == 4

	 elements of stack:
	 	 [0] == 1
	 	 [1] == 2
	 	 [2] == 3
	 	 [3] == 4
	 	 [4] == 5
	 	 [5] == 6
	 	 [6] == 7
	 	 [7] == 8
	 	 [8] == 9
	 	 [9] == 10
	 	 [10] == 11
	 	 [11] == 12
	 	 [12] == 13
	 	 [13] == 14
	 	 [14] == 15
	 	 [15] == 16
	 	 [16] == 17
	 	 [17] == 18
	 	 [18] == 19
	 	 [19] == 20
	 	 [20] == 21
	 	 [21] == 22
	 	 [22] == 23
	 	 [23] == 24
	 	 [24] == 25
	 	 [25] == 26
	 	 [26] == 27
	 	 [27] == 28
	 	 [28] == 29
	 	 [29] == 30
	 	 [30] == 31
	 	 [31] == 32
	 	 [32] == 33
	 	 [33] == 34
	 	 [34] == 35
	 	 [35] == 36
	 	 [36] == 37
	 	 [37] == 38
	 	 [38] == 39
	 	 [39] == 40
	 	 [40] == 41


DUMP  in file: src/main.cpp:29
	 ptr_stk  == 0x7ffedf0d2ae0             
	 ptr_data == 0x5e1ecc7a52e0             
	 size     == 40            
	 capacity == 128            
	 len type of element == 4

	 elements of stack:
	 	 [0] == 1
	 	 [1] == 2
	 	 [2] == 3
	 	 [3] == 4
	 	 [4] == 5
	 	 [5] == 6
	 	 [6] == 7
	 	 [7] == 8
	 	 [8] == 9
	 	 [9] == 10
	 	 [10] == 11
	 	 [11] == 12
	 	 [12] == 13
	 	 [13] == 14
	 	 [14] == 15
	 	 [15] == 16
	 	 [16] == 17
	 	 [17] == 18
	 	 [18] == 19
	 	 [19] == 20
	 	 [20] == 21
	 	 [21] == 22
	 	 [22] == 23
	 	 [23] == 24
	 	 [24] == 25
	 	 [25] == 26
	 	 [26] == 27
	 	 [27] == 28
	 	 [28] == 29
	 	 [29] == 30
	 	 [30] == 31
	 	 [31] == 32
	 	 [32] == 33
	 	 [33] == 34
	 	 [34] == 35
	 	 [35] == 36
	 	 [36] == 37
	 	 [37] == 38
	 	 [38] == 39
	 	 [39] == 40


DUMP  in file: src/main.cpp:29
	 ptr_stk  == 0x7ffedf0d2ae0             
	 ptr_data == 0x5e1ecc7a52e0             
	 size     == 39            
	 capacity == 128            
	 len type of element == 4

	 elements of stack:
	 	 [0] == 1
	 	 [1] == 2
	 	 [2] == 3
	 	 [3] == 4
	 	 [4] == 5
	 	 [5] == 6
	 	 [6] == 7
	 	 [7] == 8
	 	 [8] == 9
	 	 [9] == 10
	 	 [10] == 11
	 	 [11] == 12
	 	 [12] == 13
	 	 [13] == 14
	 	 [14] == 15
	 	 [15] == 16
	 	 [16] == 17
	 	 [17] == 18
	 	 [18] == 19
	 	 [19] == 20
	 	 [20] == 21
	 	 [21] == 22
	 	 [22] == 23
	 	 [23] == 24
	 	 [24] == 25
	 	 [25] == 26
	 	 [26] == 27
	 	 [27] == 28
	 	 [28] == 29
	 	 [29] == 30
	 	 [30] == 31
	 	 [31] == 32
	 	 [32] == 33
	 	 [33] == 34
	 	 [34] == 35
	 	 [35] == 36
	 	 [36] == 37
	 	 [37] == 38
	 	 [38] == 39


DUMP  in file: src/main.cpp:29
	 ptr_stk  == 0x7ffedf0d2ae0             
	 ptr_data == 0x5e1ecc7a52e0             
	 size     == 38            
	 capacity == 128            
	 len type of element == 4

	 elements of stack:
	 	 [0] == 1
	 	 [1] == 2
	 	 [2] == 3
	 	 [3] == 4
	 	 [4] == 5
	 	 [5] == 6
	 	 [6] == 7
	 	 [7] == 8
	 	 [8] == 9
	 	 [9] == 10
	 	 [10] == 11
	 	 [11] == 12
	 	 [12] == 13
	 	 [13] == 14
	 	 [14] == 15
	 	 [15] == 16
	 	 [16] == 17
	 	 [17] == 18
	 	 [18] == 19
	 	 [19] == 20
	 	 [20] == 21
	 	 [21] == 22
	 	 [22] == 23
	 	 [23] == 24
	 	 [24] == 25
	 	 [25] == 26
	 	 [26] == 27
	 	 [27] == 28
	 	 [28] == 29
	 	 [29] == 30
	 	 [30] == 31
	 	 [31] == 32
	 	 [32] == 33
	 	 [33] == 34
	 	 [34] == 35
	 	 [35] == 36
	 	 [36] == 37
	 	 [37] == 38


DUMP  in file: src/main.cpp:29
	 ptr_stk  == 0x7ffedf0d2ae0             
	 ptr_data == 0x5e1ecc7a52e0             
	 size     == 37            
	 capacity == 128            
	 len type of element == 4

	 elements of stack:
	 	 [0] == 1
	 	 [1] == 2
	 	 [2] == 3
	 	 [3] == 4
	 	 [4] == 5
	 	 [5] == 6
	 	 [6] == 7
	 	 [7] == 8
	 	 [8] == 9
	 	 [9] == 10
	 	 [10] == 11
	 	 [11] == 12
	 	 [12] == 13
	 	 [13] == 14
	 	 [14] == 15
	 	 [15] == 16
	 	 [16] == 17
	 	 [17] == 18
	 	 [18] == 19
	 	 [19] == 20
	 	 [20] == 21
	 	 [21] == 22
	 	 [22] == 23
	 	 [23] == 24
	 	 [24] == 25
	 	 [25] == 26
	 	 [26] == 27
	 	 [27] == 28
	 	 [28] == 29
	 	 [29] == 30
	 	 [30] == 31
	 	 [31] == 32
	 	 [32] == 33
	 	 [33] == 34
	 	 [34] == 35
	 	 [35] == 36
	 	 [36] == 37


DUMP  in file: src/main.cpp:29
	 ptr_stk  == 0x7ffedf0d2ae0             
	 ptr_data == 0x5e1ecc7a52e0             
	 size     == 36            
	 capacity == 128            
	 len type of element == 4

	 elements of stack:
	 	 [0] == 1
	 	 [1] == 2
	 	 [2] == 3
	 	 [3] == 4
	 	 [4] == 5
	 	 [5] == 6
	 	 [6] == 7
	 	 [7] == 8
	 	 [8] == 9
	 	 [9] == 10
	 	 [10] == 11
	 	 [11] == 12
	 	 [12] == 13
	 	 [13] == 14
	 	 [14] == 15
	 	 [15] == 16
	 	 [16] == 17
	 	 [17] == 18
	 	 [18] == 19
	 	 [19] == 20
	 	 [20] == 21
	 	 [21] == 22
	 	 [22] == 23
	 	 [23] == 24
	 	 [24] == 25
	 	 [25] == 26
	 	 [26] == 27
	 	 [27] == 28
	 	 [28] == 29
	 	 [29] == 30
	 	 [30] == 31
	 	 [31] == 32
	 	 [32] == 33
	 	 [33] == 34
	 	 [34] == 35
	 	 [35] == 36


DUMP  in file: src/main.cpp:29
	 ptr_stk  == 0x7ffedf0d2ae0             
	 ptr_data == 0x5e1ecc7a52e0             
	 size     == 35            
	 capacity == 128            
	 len type of element == 4

	 elements of stack:
	 	 [0] == 1
	 	 [1] == 2
	 	 [2] == 3
	 	 [3] == 4
	 	 [4] == 5
	 	 [5] == 6
	 	 [6] == 7
	 	 [7] == 8
	 	 [8] == 9
	 	 [9] == 10
	 	 [10] == 11
	 	 [11] == 12
	 	 [12] == 13
	 	 [13] == 14
	 	 [14] == 15
	 	 [15] == 16
	 	 [16] == 17
	 	 [17] == 18
	 	 [18] == 19
	 	 [19] == 20
	 	 [20] == 21
	 	 [21] == 22
	 	 [22] == 23
	 	 [23] == 24
	 	 [24] == 25
	 	 [25] == 26
	 	 [26] == 27
	 	 [27] == 28
	 	 [28] == 29
	 	 [29] == 30
	 	 [30] == 31
	 	 [31] == 32
	 	 [32] == 33
	 	 [33] == 34
	 	 [34] == 35


DUMP  in file: src/main.cpp:29
	 ptr_stk  == 0x7ffedf0d2ae0             
	 ptr_data == 0x5e1ecc7a52e0             
	 size     == 34            
	 capacity == 128            
	 len type of element == 4

	 elements of stack:
	 	 [0] == 1
	 	 [1] == 2
	 	 [2] == 3
	 	 [3] == 4
	 	 [4] == 5
	 	 [5] == 6
	 	 [6] == 7
	 	 [7] == 8
	 	 [8] == 9
	 	 [9] == 10
	 	 [10] == 11
	 	 [11] == 12
	 	 [12] == 13
	 	 [13] == 14
	 	 [14] == 15
	 	 [15] == 16
	 	 [16] == 17
	 	 [17] == 18
	 	 [18] == 19
	 	 [19] == 20
	 	 [20] == 21
	 	 [21] == 22
	 	 [22] == 23
	 	 [23] == 24
	 	 [24] == 25
	 	 [25] == 26
	 	 [26] == 27
	 	 [27] == 28
	 	 [28] == 29
	 	 [29] == 30
	 	 [30] == 31
	 	 [31] == 32
	 	 [32] == 33
	 	 [33] == 34


DUMP  in file: src/main.cpp:29
	 ptr_stk  == 0x7ffedf0d2ae0             
	 ptr_data == 0x5e1ecc7a52e0             
	 size     == 33            
	 capacity == 128            
	 len type of element == 4

	 elements of stack:
	 	 [0] == 1
	 	 [1] == 2
	 	 [2] == 3
	 	 [3] == 4
	 	 [4] == 5
	 	 [5] == 6
	 	 [6] == 7
	 	 [7] == 8
	 	 [8] == 9
	 	 [9] == 10
	 	 [10] == 11
	 	 [11] == 12
	 	 [12] == 13
	 	 [13] == 14
	 	 [14] == 15
	 	 [15] == 16
	 	 [16] == 17
	 	 [17] == 18
	 	 [18] == 19
	 	 [19] == 20
	 	 [20] == 21
	 	 [21] == 22
	 	 [22] == 23
	 	 [23] == 24
	 	 [24] == 25
	 	 [25] == 26
	 	 [26] == 27
	 	 [27] == 28
	 	 [28] == 29
	 	 [29] == 30
	 	 [30] == 31
	 	 [31] == 32
	 	 [32] == 33


DUMP  in file: src/main.cpp:29
	 ptr_stk  == 0x7ffedf0d2ae0             
	 ptr_data == 0x5e1ecc7a52e0             
	 size     == 32            
	 capacity == 128            
	 len type of element == 4

	 elements of stack:
	 	 [0] == 1
	 	 [1] == 2
	 	 [2] == 3
	 	 [3] == 4
	 	 [4] == 5
	 	 [5] == 6
	 	 [6] == 7
	 	 [7] == 8
	 	 [8] == 9
	 	 [9] == 10
	 	 [10] == 11
	 	 [11] == 12
	 	 [12] == 13
	 	 [13] == 14
	 	 [14] == 15
	 	 [15] == 16
	 	 [16] == 17
	 	 [17] == 18
	 	 [18] == 19
	 	 [19] == 20
	 	 [20] == 21
	 	 [21] == 22
	 	 [22] == 23
	 	 [23] == 24
	 	 [24] == 25
	 	 [25] == 26
	 	 [26] == 27
	 	 [27] == 28
	 	 [28] == 29
	 	 [29] == 30
	 	 [30] == 31
	 	 [31] == 32


DUMP  in file: src/main.cpp:29
	 ptr_stk  == 0x7ffedf0d2ae0             
	 ptr_data == 0x5e1ecc7a52e0             
	 size     == 31            
	 capacity == 32            
	 len type of element == 4

	 elements of stack:
	 	 [0] == 1
	 	 [1] == 2
	 	 [2] == 3
	 	 [3] == 4
	 	 [4] == 5
	 	 [5] == 6
	 	 [6] == 7
	 	 [7] == 8
	 	 [8] == 9
	 	 [9] == 10
	 	 [10] == 11
	 	 [11] == 12
	 	 [12] == 13
	 	 [13] == 14
	 	 [14] == 15
	 	 [15] == 16
	 	 [16] == 17
	 	 [17] == 18
	 	 [18] == 19
	 	 [19] == 20
	 	 [20] == 21
	 	 [21] == 22
	 	 [22] == 23
	 	 [23] == 24
	 	 [24] == 25
	 	 [25] == 26
	 	 [26] == 27
	 	 [27] == 28
	 	 [28] == 29
	 	 [29] == 30
	 	 [30] == 31


DUMP  in file: src/main.cpp:29
	 ptr_stk  == 0x7ffedf0d2ae0             
	 ptr_data == 0x5e1ecc7a52e0             
	 size     == 30            
	 capacity == 32            
	 len type of element == 4

	 elements of stack:
	 	 [0] == 1
	 	 [1] == 2
	 	 [2] == 3
	 	 [3] == 4
	 	 [4] == 5
	 	 [5] == 6
	 	 [6] == 7
	 	 [7] == 8
	 	 [8] == 9
	 	 [9] == 10
	 	 [10] == 11
	 	 [11] == 12
	 	 [12] == 13
	 	 [13] == 14
	 	 [14] == 15
	 	 [15] == 16
	 	 [16] == 17
	 	 [17] == 18
	 	 [18] == 19
	 	 [19] == 20
	 	 [20] == 21
	 	 [21] == 22
	 	 [22] == 23
	 	 [23] == 24
	 	 [24] == 25
	 	 [25] == 26
	 	 [26] == 27
	 	 [27] == 28
	 	 [28] == 29
	 	 [29] == 30


DUMP  in file: src/main.cpp:29
	 ptr_stk  == 0x7ffedf0d2ae0             
	 ptr_data == 0x5e1ecc7a52e0             
	 size     == 29            
	 capacity == 32            
	 len type of element == 4

	 elements of stack:
	 	 [0] == 1
	 	 [1] == 2
	 	 [2] == 3
	 	 [3] == 4
	 	 [4] == 5
	 	 [5] == 6
	 	 [6] == 7
	 	 [7] == 8
	 	 [8] == 9
	 	 [9] == 10
	 	 [10] == 11
	 	 [11] == 12
	 	 [12] == 13
	 	 [13] == 14
	 	 [14] == 15
	 	 [15] == 16
	 	 [16] == 17
	 	 [17] == 18
	 	 [18] == 19
	 	 [19] == 20
	 	 [20] == 21
	 	 [21] == 22
	 	 [22] == 23
	 	 [23] == 24
	 	 [24] == 25
	 	 [25] == 26
	 	 [26] == 27
	 	 [27] == 28
	 	 [28] == 29


DUMP  in file: src/main.cpp:29
	 ptr_stk  == 0x7ffedf0d2ae0             
	 ptr_data == 0x5e1ecc7a52e0             
	 size     == 28            
	 capacity == 32            
	 len type of element == 4

	 elements of stack:
	 	 [0] == 1
	 	 [1] == 2
	 	 [2] == 3
	 	 [3] == 4
	 	 [4] == 5
	 	 [5] == 6
	 	 [6] == 7
	 	 [7] == 8
	 	 [8] == 9
	 	 [9] == 10
	 	 [10] == 11
	 	 [11] == 12
	 	 [12] == 13
	 	 [13] == 14
	 	 [14] == 15
	 	 [15] == 16
	 	 [16] == 17
	 	 [17] == 18
	 	 [18] == 19
	 	 [19] == 20
	 	 [20] == 21
	 	 [21] == 22
	 	 [22] == 23
	 	 [23] == 24
	 	 [24] == 25
	 	 [25] == 26
	 	 [26] == 27
	 	 [27] == 28


DUMP  in file: src/main.cpp:29
	 ptr_stk  == 0x7ffedf0d2ae0             
	 ptr_data == 0x5e1ecc7a52e0             
	 size     == 27            
	 capacity == 32            
	 len type of element == 4

	 elements of stack:
	 	 [0] == 1
	 	 [1] == 2
	 	 [2] == 3
	 	 [3] == 4
	 	 [4] == 5
	 	 [5] == 6
	 	 [6] == 7
	 	 [7] == 8
	 	 [8] == 9
	 	 [9] == 10
	 	 [10] == 11
	 	 [11] == 12
	 	 [12] == 13
	 	 [13] == 14
	 	 [14] == 15
	 	 [15] == 16
	 	 [16] == 17
	 	 [17] == 18
	 	 [18] == 19
	 	 [19] == 20
	 	 [20] == 21
	 	 [21] == 22
	 	 [22] == 23
	 	 [23] == 24
	 	 [24] == 25
	 	 [25] == 26
	 	 [26] == 27


DUMP  in file: src/main.cpp:29
	 ptr_stk  == 0x7ffedf0d2ae0             
	 ptr_data == 0x5e1ecc7a52e0             
	 size     == 26            
	 capacity == 32            
	 len type of element == 4

	 elements of stack:
	 	 [0] == 1
	 	 [1] == 2
	 	 [2] == 3
	 	 [3] == 4
	 	 [4] == 5
	 	 [5] == 6
	 	 [6] == 7
	 	 [7] == 8
	 	 [8] == 9
	 	 [9] == 10
	 	 [10] == 11
	 	 [11] == 12
	 	 [12] == 13
	 	 [13] == 14
	 	 [14] == 15
	 	 [15] == 16
	 	 [16] == 17
	 	 [17] == 18
	 	 [18] == 19
	 	 [19] == 20
	 	 [20] == 21
	 	 [21] == 22
	 	 [22] == 23
	 	 [23] == 24
	 	 [24] == 25
	 	 [25] == 26


DUMP  in file: src/main.cpp:29
	 ptr_stk  == 0x7ffedf0d2ae0             
	 ptr_data == 0x5e1ecc7a52e0             
	 size     == 25            
	 capacity == 32            
	 len type of element == 4

	 elements of stack:
	 	 [0] == 1
	 	 [1] == 2
	 	 [2] == 3
	 	 [3] == 4
	 	 [4] == 5
	 	 [5] == 6
	 	 [6] == 7
	 	 [7] == 8
	 	 [8] == 9
	 	 [9] == 10
	 	 [10] == 11
	 	 [11] == 12
	 	 [12] == 13
	 	 [13] == 14
	 	 [14] == 15
	 	 [15] == 16
	 	 [16] == 17
	 	 [17] == 18
	 	 [18] == 19
	 	 [19] == 20
	 	 [20] == 21
	 	 [21] == 22
	 	 [22] == 23
	 	 [23] == 24
	 	 [24] == 25


DUMP  in file: src/main.cpp:29
	 ptr_stk  == 0x7ffedf0d2ae0             
	 ptr_data == 0x5e1ecc7a52e0             
	 size     == 24            
	 capacity == 32            
	 len type of element == 4

	 elements of stack:
	 	 [0] == 1
	 	 [1] == 2
	 	 [2] == 3
	 	 [3] == 4
	 	 [4] == 5
	 	 [5] == 6
	 	 [6] == 7
	 	 [7] == 8
	 	 [8] == 9
	 	 [9] == 10
	 	 [10] == 11
	 	 [11] == 12
	 	 [12] == 13
	 	 [13] == 14
	 	 [14] == 15
	 	 [15] == 16
	 	 [16] == 17
	 	 [17] == 18
	 	 [18] == 19
	 	 [19] == 20
	 	 [20] == 21
	 	 [21] == 22
	 	 [22] == 23
	 	 [23] == 24


DUMP  in file: src/main.cpp:29
	 ptr_stk  == 0x7ffedf0d2ae0             
	 ptr_data == 0x5e1ecc7a52e0             
	 size     == 23            
	 capacity == 32            
	 len type of element == 4

	 elements of stack:
	 	 [0] == 1
	 	 [1] == 2
	 	 [2] == 3
	 	 [3] == 4
	 	 [4] == 5
	 	 [5] == 6
	 	 [6] == 7
	 	 [7] == 8
	 	 [8] == 9
	 	 [9] == 10
	 	 [10] == 11
	 	 [11] == 12
	 	 [12] == 13
	 	 [13] == 14
	 	 [14] == 15
	 	 [15] == 16
	 	 [16] == 17
	 	 [17] == 18
	 	 [18] == 19
	 	 [19] == 20
	 	 [20] == 21
	 	 [21] == 22
	 	 [22] == 23


DUMP  in file: src/main.cpp:29
	 ptr_stk  == 0x7ffedf0d2ae0             
	 ptr_data == 0x5e1ecc7a52e0             
	 size     == 22            
	 capacity == 32            
	 len type of element == 4

	 elements of stack:
	 	 [0] == 1
	 	 [1] == 2
	 	 [2] == 3
	 	 [3] == 4
	 	 [4] == 5
	 	 [5] == 6
	 	 [6] == 7
	 	 [7] == 8
	 	 [8] == 9
	 	 [9] == 10
	 	 [10] == 11
	 	 [11] == 12
	 	 [12] == 13
	 	 [13] == 14
	 	 [14] == 15
	 	 [15] == 16
	 	 [16] == 17
	 	 [17] == 18
	 	 [18] == 19
	 	 [19] == 20
	 	 [20] == 21
	 	 [21] == 22


DUMP  in file: src/main.cpp:29
	 ptr_stk  == 0x7ffedf0d2ae0             
	 ptr_data == 0x5e1ecc7a52e0             
	 size     == 21            
	 capacity == 32            
	 len type of element == 4

	 elements of stack:
	 	 [0] == 1
	 	 [1] == 2
	 	 [2] == 3
	 	 [3] == 4
	 	 [4] == 5
	 	 [5] == 6
	 	 [6] == 7
	 	 [7] == 8
	 	 [8] == 9
	 	 [9] == 10
	 	 [10] == 11
	 	 [11] == 12
	 	 [12] == 13
	 	 [13] == 14
	 	 [14] == 15
	 	 [15] == 16
	 	 [16] == 17
	 	 [17] == 18
	 	 [18] == 19
	 	 [19] == 20
	 	 [20] == 21


DUMP  in file: src/main.cpp:29
	 ptr_stk  == 0x7ffedf0d2ae0             
	 ptr_data == 0x5e1ecc7a52e0             
	 size     == 20            
	 capacity == 32            
	 len type of element == 4

	 elements of stack:
	 	 [0] == 1
	 	 [1] == 2
	 	 [2] == 3
	 	 [3] == 4
	 	 [4] == 5
	 	 [5] == 6
	 	 [6] == 7
	 	 [7] == 8
	 	 [8] == 9
	 	 [9] == 10
	 	 [10] == 11
	 	 [11] == 12
	 	 [12] == 13
	 	 [13] == 14
	 	 [14] == 15
	 	 [15] == 16
	 	 [16] == 17
	 	 [17] == 18
	 	 [18] == 19
	 	 [19] == 20


DUMP  in file: src/main.cpp:29
	 ptr_stk  == 0x7ffedf0d2ae0             
	 ptr_data == 0x5e1ecc7a52e0             
	 size     == 19            
	 capacity == 32            
	 len type of element == 4

	 elements of stack:
	 	 [0] == 1
	 	 [1] == 2
	 	 [2] == 3
	 	 [3] == 4
	 	 [4] == 5
	 	 [5] == 6
	 	 [6] == 7
	 	 [7] == 8
	 	 [8] == 9
	 	 [9] == 10
	 	 [10] == 11
	 	 [11] == 12
	 	 [12] == 13
	 	 [13] == 14
	 	 [14] == 15
	 	 [15] == 16
	 	 [16] == 17
	 	 [17] == 18
	 	 [18] == 19


DUMP  in file: src/main.cpp:29
	 ptr_stk  == 0x7ffedf0d2ae0             
	 ptr_data == 0x5e1ecc7a52e0             
	 size     == 18            
	 capacity == 32            
	 len type of element == 4

	 elements of stack:
	 	 [0] == 1
	 	 [1] == 2
	 	 [2] == 3
	 	 [3] == 4
	 	 [4] == 5
	 	 [5] == 6
	 	 [6] == 7
	 	 [7] == 8
	 	 [8] == 9
	 	 [9] == 10
	 	 [10] == 11
	 	 [11] == 12
	 	 [12] == 13
	 	 [13] == 14
	 	 [14] == 15
	 	 [15] == 16
	 	 [16] == 17
	 	 [17] == 18


DUMP  in file: src/main.cpp:29
	 ptr_stk  == 0x7ffedf0d2ae0             
	 ptr_data == 0x5e1ecc7a52e0             
	 size     == 17            
	 capacity == 32            
	 len type of element == 4

	 elements of stack:
	 	 [0] == 1
	 	 [1] == 2
	 	 [2] == 3
	 	 [3] == 4
	 	 [4] == 5
	 	 [5] == 6
	 	 [6] == 7
	 	 [7] == 8
	 	 [8] == 9
	 	 [9] == 10
	 	 [10] == 11
	 	 [11] == 12
	 	 [12] == 13
	 	 [13] == 14
	 	 [14] == 15
	 	 [15] == 16
	 	 [16] == 17


DUMP  in file: src/main.cpp:29
	 ptr_stk  == 0x7ffedf0d2ae0             
	 ptr_data == 0x5e1ecc7a52e0             
	 size     == 16            
	 capacity == 32            
	 len type of element == 4

	 elements of stack:
	 	 [0] == 1
	 	 [1] == 2
	 	 [2] == 3
	 	 [3] == 4
	 	 [4] == 5
	 	 [5] == 6
	 	 [6] == 7
	 	 [7] == 8
	 	 [8] == 9
	 	 [9] == 10
	 	 [10] == 11
	 	 [11] == 12
	 	 [12] == 13
	 	 [13] == 14
	 	 [14] == 15
	 	 [15] == 16


DUMP  in file: src/main.cpp:32
	 ptr_stk  == 0x7ffedf0d2ae0             
	 ptr_data == 0x5e1ecc7a52e0             
	 size     == 16            
	 capacity == 32            
	 len type of element == 4

	 elements of stack:
	 	 [0] == 1
	 	 [1] == 2
	 	 [2] == 3
	 	 [3] == 4
	 	 [4] == 5
	 	 [5] == 6
	 	 [6] == 7
	 	 [7] == 8
	 	 [8] == 9
	 	 [9] == 10
	 	 [10] == 11
	 	 [11] == 12
	 	 [12] == 13
	 	 [13] == 14
	 	 [14] == 15
	 	 [15] == 16


